[INFO] 01:06:09:752 restaurante/(6604:6604): 
PUERTO_ESCUCHA: 5002
IP_SINDICATO: 127.0.0.1
PUERTO_SINDICATO: 5003
IP_APP: 127.0.0.1
PUERTO_APP: 5005
QUANTUM: 3
PATH_ARCHIVO_LOG: restaurante.log
ALGORIMO_PLANIFICACION: (null)
NOMBRE_RESTAURANTE: RES1

[INFO] 01:07:33:619 restaurante/(6700:6700): 
PUERTO_ESCUCHA: 5002
IP_SINDICATO: 127.0.0.1
PUERTO_SINDICATO: 5004
IP_APP: 127.0.0.1
PUERTO_APP: 5004
QUANTUM: 2
PATH_ARCHIVO_LOG: /utnso/logs/THEFOODTRUCKSTORE.log
ALGORIMO_PLANIFICACION: (null)
NOMBRE_RESTAURANTE: THEFOODTRUCKSTORE

[INFO] 01:07:57:994 restaurante/(6741:6741): 
PUERTO_ESCUCHA: 5002
IP_SINDICATO: 127.0.0.1
PUERTO_SINDICATO: 5004
IP_APP: 127.0.0.1
PUERTO_APP: 5004
QUANTUM: 2
PATH_ARCHIVO_LOG: /utnso/logs/THEFOODTRUCKSTORE.log
ALGORIMO_PLANIFICACION: RR
NOMBRE_RESTAURANTE: THEFOODTRUCKSTORE

